   Compiling solestate v0.1.0 (/home/deb2/Desktop/solEstate/anchor/programs/solestate)
error[E0425]: cannot find value `property` in this scope
   --> src/lib.rs:147:26
    |
147 |             property_id: property.id.clone(),
    |                          ^^^^^^^^ not found in this scope

error[E0425]: cannot find value `property` in this scope
   --> src/lib.rs:157:13
    |
157 |             property.id,
    |             ^^^^^^^^ not found in this scope

warning: unexpected `cfg` condition value: `custom-heap`
  --> src/lib.rs:11:1
   |
11 | #[program]
   | ^^^^^^^^^^
   |
   = note: expected values for `feature` are: `cpi`, `default`, `no-entrypoint`, `no-idl`, and `no-log-ix-name`
   = note: using a cfg inside a macro will use the cfgs from the destination crate and not the ones from the defining crate
   = help: try referring to `$crate::custom_heap_default` crate for guidance on how handle this unexpected cfg
   = help: the macro `$crate::custom_heap_default` may come from an old version of the `solana_program` crate, try updating your dependency with `cargo update -p solana_program`
   = note: see <https://doc.rust-lang.org/nightly/rustc/check-cfg/cargo-specifics.html> for more information about checking conditional configuration
   = note: `#[warn(unexpected_cfgs)]` on by default
   = note: this warning originates in the macro `$crate::custom_heap_default` which comes from the expansion of the attribute macro `program` (in Nightly builds, run with -Z macro-backtrace for more info)

warning: unexpected `cfg` condition value: `custom-panic`
  --> src/lib.rs:11:1
   |
11 | #[program]
   | ^^^^^^^^^^
   |
   = note: expected values for `feature` are: `cpi`, `default`, `no-entrypoint`, `no-idl`, and `no-log-ix-name`
   = note: using a cfg inside a macro will use the cfgs from the destination crate and not the ones from the defining crate
   = help: try referring to `$crate::custom_panic_default` crate for guidance on how handle this unexpected cfg
   = help: the macro `$crate::custom_panic_default` may come from an old version of the `solana_program` crate, try updating your dependency with `cargo update -p solana_program`
   = note: see <https://doc.rust-lang.org/nightly/rustc/check-cfg/cargo-specifics.html> for more information about checking conditional configuration
   = note: this warning originates in the macro `$crate::custom_panic_default` which comes from the expansion of the attribute macro `program` (in Nightly builds, run with -Z macro-backtrace for more info)

warning: unexpected `cfg` condition value: `anchor-debug`
  --> src/lib.rs:11:1
   |
11 | #[program]
   | ^^^^^^^^^^
   |
   = note: expected values for `feature` are: `cpi`, `default`, `no-entrypoint`, `no-idl`, and `no-log-ix-name`
   = note: using a cfg inside a attribute macro will use the cfgs from the destination crate and not the ones from the defining crate
   = help: try referring to `program` crate for guidance on how handle this unexpected cfg
   = help: the attribute macro `program` may come from an old version of the `anchor_attribute_program` crate, try updating your dependency with `cargo update -p anchor_attribute_program`
   = note: see <https://doc.rust-lang.org/nightly/rustc/check-cfg/cargo-specifics.html> for more information about checking conditional configuration
   = note: this warning originates in the attribute macro `program` (in Nightly builds, run with -Z macro-backtrace for more info)

warning: unexpected `cfg` condition value: `anchor-debug`
  --> src/lib.rs:11:1
   |
11 | #[program]
   | ^^^^^^^^^^
   |
   = note: expected values for `feature` are: `cpi`, `default`, `no-entrypoint`, `no-idl`, and `no-log-ix-name`
   = note: using a cfg inside a derive macro will use the cfgs from the destination crate and not the ones from the defining crate
   = help: try referring to `Accounts` crate for guidance on how handle this unexpected cfg
   = help: the derive macro `Accounts` may come from an old version of the `anchor_derive_accounts` crate, try updating your dependency with `cargo update -p anchor_derive_accounts`
   = note: see <https://doc.rust-lang.org/nightly/rustc/check-cfg/cargo-specifics.html> for more information about checking conditional configuration
   = note: this warning originates in the derive macro `Accounts` (in Nightly builds, run with -Z macro-backtrace for more info)

warning: unexpected `cfg` condition value: `anchor-debug`
   --> src/lib.rs:397:10
    |
397 | #[derive(Accounts)]
    |          ^^^^^^^^
    |
    = note: expected values for `feature` are: `cpi`, `default`, `no-entrypoint`, `no-idl`, and `no-log-ix-name`
    = note: using a cfg inside a derive macro will use the cfgs from the destination crate and not the ones from the defining crate
    = help: try referring to `Accounts` crate for guidance on how handle this unexpected cfg
    = help: the derive macro `Accounts` may come from an old version of the `anchor_derive_accounts` crate, try updating your dependency with `cargo update -p anchor_derive_accounts`
    = note: see <https://doc.rust-lang.org/nightly/rustc/check-cfg/cargo-specifics.html> for more information about checking conditional configuration
    = note: this warning originates in the derive macro `Accounts` (in Nightly builds, run with -Z macro-backtrace for more info)

warning: unexpected `cfg` condition value: `anchor-debug`
   --> src/lib.rs:412:10
    |
412 | #[derive(Accounts)]
    |          ^^^^^^^^
    |
    = note: expected values for `feature` are: `cpi`, `default`, `no-entrypoint`, `no-idl`, and `no-log-ix-name`
    = note: using a cfg inside a derive macro will use the cfgs from the destination crate and not the ones from the defining crate
    = help: try referring to `Accounts` crate for guidance on how handle this unexpected cfg
    = help: the derive macro `Accounts` may come from an old version of the `anchor_derive_accounts` crate, try updating your dependency with `cargo update -p anchor_derive_accounts`
    = note: see <https://doc.rust-lang.org/nightly/rustc/check-cfg/cargo-specifics.html> for more information about checking conditional configuration
    = note: this warning originates in the derive macro `Accounts` (in Nightly builds, run with -Z macro-backtrace for more info)

warning: unexpected `cfg` condition value: `anchor-debug`
   --> src/lib.rs:443:10
    |
443 | #[derive(Accounts)]
    |          ^^^^^^^^
    |
    = note: expected values for `feature` are: `cpi`, `default`, `no-entrypoint`, `no-idl`, and `no-log-ix-name`
    = note: using a cfg inside a derive macro will use the cfgs from the destination crate and not the ones from the defining crate
    = help: try referring to `Accounts` crate for guidance on how handle this unexpected cfg
    = help: the derive macro `Accounts` may come from an old version of the `anchor_derive_accounts` crate, try updating your dependency with `cargo update -p anchor_derive_accounts`
    = note: see <https://doc.rust-lang.org/nightly/rustc/check-cfg/cargo-specifics.html> for more information about checking conditional configuration
    = note: this warning originates in the derive macro `Accounts` (in Nightly builds, run with -Z macro-backtrace for more info)

warning: unexpected `cfg` condition value: `anchor-debug`
   --> src/lib.rs:486:10
    |
486 | #[derive(Accounts)]
    |          ^^^^^^^^
    |
    = note: expected values for `feature` are: `cpi`, `default`, `no-entrypoint`, `no-idl`, and `no-log-ix-name`
    = note: using a cfg inside a derive macro will use the cfgs from the destination crate and not the ones from the defining crate
    = help: try referring to `Accounts` crate for guidance on how handle this unexpected cfg
    = help: the derive macro `Accounts` may come from an old version of the `anchor_derive_accounts` crate, try updating your dependency with `cargo update -p anchor_derive_accounts`
    = note: see <https://doc.rust-lang.org/nightly/rustc/check-cfg/cargo-specifics.html> for more information about checking conditional configuration
    = note: this warning originates in the derive macro `Accounts` (in Nightly builds, run with -Z macro-backtrace for more info)

warning: unexpected `cfg` condition value: `anchor-debug`
   --> src/lib.rs:511:10
    |
511 | #[derive(Accounts)]
    |          ^^^^^^^^
    |
    = note: expected values for `feature` are: `cpi`, `default`, `no-entrypoint`, `no-idl`, and `no-log-ix-name`
    = note: using a cfg inside a derive macro will use the cfgs from the destination crate and not the ones from the defining crate
    = help: try referring to `Accounts` crate for guidance on how handle this unexpected cfg
    = help: the derive macro `Accounts` may come from an old version of the `anchor_derive_accounts` crate, try updating your dependency with `cargo update -p anchor_derive_accounts`
    = note: see <https://doc.rust-lang.org/nightly/rustc/check-cfg/cargo-specifics.html> for more information about checking conditional configuration
    = note: this warning originates in the derive macro `Accounts` (in Nightly builds, run with -Z macro-backtrace for more info)

warning: unexpected `cfg` condition value: `anchor-debug`
   --> src/lib.rs:547:10
    |
547 | #[derive(Accounts)]
    |          ^^^^^^^^
    |
    = note: expected values for `feature` are: `cpi`, `default`, `no-entrypoint`, `no-idl`, and `no-log-ix-name`
    = note: using a cfg inside a derive macro will use the cfgs from the destination crate and not the ones from the defining crate
    = help: try referring to `Accounts` crate for guidance on how handle this unexpected cfg
    = help: the derive macro `Accounts` may come from an old version of the `anchor_derive_accounts` crate, try updating your dependency with `cargo update -p anchor_derive_accounts`
    = note: see <https://doc.rust-lang.org/nightly/rustc/check-cfg/cargo-specifics.html> for more information about checking conditional configuration
    = note: this warning originates in the derive macro `Accounts` (in Nightly builds, run with -Z macro-backtrace for more info)

warning: unexpected `cfg` condition value: `anchor-debug`
   --> src/lib.rs:586:10
    |
586 | #[derive(Accounts)]
    |          ^^^^^^^^
    |
    = note: expected values for `feature` are: `cpi`, `default`, `no-entrypoint`, `no-idl`, and `no-log-ix-name`
    = note: using a cfg inside a derive macro will use the cfgs from the destination crate and not the ones from the defining crate
    = help: try referring to `Accounts` crate for guidance on how handle this unexpected cfg
    = help: the derive macro `Accounts` may come from an old version of the `anchor_derive_accounts` crate, try updating your dependency with `cargo update -p anchor_derive_accounts`
    = note: see <https://doc.rust-lang.org/nightly/rustc/check-cfg/cargo-specifics.html> for more information about checking conditional configuration
    = note: this warning originates in the derive macro `Accounts` (in Nightly builds, run with -Z macro-backtrace for more info)

For more information about this error, try `rustc --explain E0425`.
warning: `solestate` (lib) generated 16 warnings (5 duplicates)
error: could not compile `solestate` (lib) due to 2 previous errors; 16 warnings emitted
